<?xml version="1.0" encoding="UTF-8"?>
<!-- Generated by org.testng.reporters.JUnitReportReporter -->
<testsuite hostname="LAPTOP-5CLI6I4K" name="Runners.TestRunner" tests="3" failures="0" timestamp="9 Dec 2020 04:47:53 GMT" time="56.845" errors="0">
  <testcase name="runScenario" time="18.526" classname="Runners.TestRunner"/>
  <testcase name="runScenario" time="19.638" classname="Runners.TestRunner"/>
  <testcase name="runScenario" time="18.681" classname="Runners.TestRunner"/>
</testsuite> <!-- Runners.TestRunner -->
